<?xml version="1.0" encoding="UTF-8"?>
<testsuite name="tpo.lab2.integration.FunctionSystemIntegrationTest" tests="4" skipped="0" failures="0" errors="0" timestamp="2026-04-26T18:29:19.967Z" hostname="KDOs-MacBook-Air.local" time="0.002">
  <properties/>
  <testcase name="returns NaN for left branch at sec singularity()" classname="tpo.lab2.integration.FunctionSystemIntegrationTest" time="0.0"/>
  <testcase name="calculates left branch for x lte 0()" classname="tpo.lab2.integration.FunctionSystemIntegrationTest" time="0.0"/>
  <testcase name="returns NaN for right branch at x equals 1 because log5 is zero()" classname="tpo.lab2.integration.FunctionSystemIntegrationTest" time="0.0"/>
  <testcase name="calculates right branch for x gt 0()" classname="tpo.lab2.integration.FunctionSystemIntegrationTest" time="0.0"/>
  <system-out><![CDATA[]]></system-out>
  <system-err><![CDATA[]]></system-err>
</testsuite>
